Microsoft HTML Help Compiler 4.74.8702

Compiling c:\Users\andro\Documents\GitHub\KoledaCourse\KoledaCourse\Manual\Manual.chm


Compile time: 0 minutes, 0 seconds
1	Topic
1	Local link
0	Internet links
0	Graphics


Created c:\Users\andro\Documents\GitHub\KoledaCourse\KoledaCourse\Manual\Manual.chm, 10,779 bytes
Compression increased file by 9,705 bytes.
Microsoft HTML Help Compiler 4.74.8702

Compiling c:\Users\andro\Documents\GitHub\KoledaCourse\KoledaCourse\Manual\Manual.chm


Compile time: 0 minutes, 0 seconds
3	Topics
3	Local links
0	Internet links
6	Graphics


Created c:\Users\andro\Documents\GitHub\KoledaCourse\KoledaCourse\Manual\Manual.chm, 35,181 bytes
Compression increased file by 3,939 bytes.
Microsoft HTML Help Compiler 4.74.8702

Compiling c:\Users\andro\Documents\GitHub\KoledaCourse\KoledaCourse\Manual\Manual.chm


Compile time: 0 minutes, 0 seconds
3	Topics
3	Local links
0	Internet links
6	Graphics


Created c:\Users\andro\Documents\GitHub\KoledaCourse\KoledaCourse\Manual\Manual.chm, 35,181 bytes
Compression increased file by 3,939 bytes.
Microsoft HTML Help Compiler 4.74.8702

Compiling c:\Users\andro\Documents\GitHub\KoledaCourse\KoledaCourse\Manual\Manual.chm


Compile time: 0 minutes, 0 seconds
8	Topics
8	Local links
0	Internet links
23	Graphics


Created c:\Users\andro\Documents\GitHub\KoledaCourse\KoledaCourse\Manual\Manual.chm, 188,005 bytes
Compression decreased file by 60,681 bytes.
Microsoft HTML Help Compiler 4.74.8702

Compiling c:\Users\andro\Documents\GitHub\KoledaCourse\KoledaCourse\Manual\Manual.chm


Compile time: 0 minutes, 0 seconds
8	Topics
8	Local links
0	Internet links
23	Graphics


Created c:\Users\andro\Documents\GitHub\KoledaCourse\KoledaCourse\Manual\Manual.chm, 188,017 bytes
Compression decreased file by 60,650 bytes.
